<?xml version="1.0" encoding="UTF-8"?>
<!-- Generated by org.testng.reporters.JUnitReportReporter -->
<testsuite hostname="DESKTOP-4VMP8RJ" name="Homework.TestNgHomework.FirstTest" tests="1" failures="0" timestamp="23 Feb 2021 20:45:34 GMT" time="0.016" errors="0">
  <testcase name="firstTest" time="0.016" classname="Homework.TestNgHomework.FirstTest"/>
</testsuite> <!-- Homework.TestNgHomework.FirstTest -->
